[0m11:47:11.676363 [debug] [MainThread]: Sending event: {'category': 'dbt', 'action': 'invocation', 'label': 'start', 'context': [<snowplow_tracker.self_describing_json.SelfDescribingJson object at 0x0000019D9101D150>, <snowplow_tracker.self_describing_json.SelfDescribingJson object at 0x0000019D932643D0>, <snowplow_tracker.self_describing_json.SelfDescribingJson object at 0x0000019D932641C0>]}


============================== 11:47:11.684288 | 280249e9-96de-49a2-bf20-3572f3b39806 ==============================
[0m11:47:11.684288 [info ] [MainThread]: Running with dbt=1.10.3
[0m11:47:11.685322 [debug] [MainThread]: running dbt with arguments {'printer_width': '80', 'indirect_selection': 'eager', 'log_cache_events': 'False', 'write_json': 'True', 'partial_parse': 'True', 'cache_selected_only': 'False', 'warn_error': 'None', 'version_check': 'True', 'debug': 'False', 'log_path': 'logs', 'fail_fast': 'False', 'profiles_dir': 'C:\\Users\\mudga\\.dbt', 'use_colors': 'True', 'use_experimental_parser': 'False', 'empty': 'None', 'quiet': 'False', 'no_print': 'None', 'warn_error_options': 'WarnErrorOptionsV2(error=[], warn=[], silence=[])', 'introspect': 'True', 'invocation_command': 'dbt init', 'static_parser': 'True', 'target_path': 'None', 'log_format': 'default', 'send_anonymous_usage_stats': 'True'}
[0m11:47:11.708299 [info ] [MainThread]: Creating dbt configuration folder at C:\Users\mudga\.dbt
[0m11:48:31.993608 [debug] [MainThread]: Starter project path: C:\Users\mudga\AppData\Local\Programs\Python\Python310\lib\site-packages\dbt\include\starter_project
[0m11:48:32.082107 [info ] [MainThread]: 
Your new dbt project "data_pipeline" was created!

For more information on how to configure the profiles.yml file,
please consult the dbt documentation here:

  https://docs.getdbt.com/docs/configure-your-profile

One more thing:

Need help? Don't hesitate to reach out to us via GitHub issues or on Slack:

  https://community.getdbt.com/

Happy modeling!

[0m11:48:32.082107 [info ] [MainThread]: Setting up your profile.
[0m11:54:02.138595 [info ] [MainThread]: Profile data_pipeline written to C:\Users\mudga\.dbt\profiles.yml using target's profile_template.yml and your supplied values. Run 'dbt debug' to validate the connection.
[0m11:54:02.138595 [debug] [MainThread]: Command `dbt init` succeeded at 11:54:02.138595 after 410.55 seconds
[0m11:54:02.138595 [debug] [MainThread]: Sending event: {'category': 'dbt', 'action': 'invocation', 'label': 'end', 'context': [<snowplow_tracker.self_describing_json.SelfDescribingJson object at 0x0000019D9101D150>, <snowplow_tracker.self_describing_json.SelfDescribingJson object at 0x0000019D92A57640>, <snowplow_tracker.self_describing_json.SelfDescribingJson object at 0x0000019D932641C0>]}
[0m11:54:02.142605 [debug] [MainThread]: Flushing usage events
[0m11:54:04.950981 [debug] [MainThread]: An error was encountered while trying to flush usage events
